2023-12-23 14:46:16.338  INFO 8732 --- [main] com.bloducspauter.FeBlogCategoryApp      : No active profile set, falling back to 1 default profile: "default"
2023-12-23 14:46:21.124  INFO 8732 --- [main] .s.d.r.c.RepositoryConfigurationDelegate : Multiple Spring Data modules found, entering strict repository configuration mode
2023-12-23 14:46:21.137  INFO 8732 --- [main] .s.d.r.c.RepositoryConfigurationDelegate : Bootstrapping Spring Data Redis repositories in DEFAULT mode.
2023-12-23 14:46:21.296  INFO 8732 --- [main] .s.d.r.c.RepositoryConfigurationDelegate : Finished Spring Data repository scanning in 97 ms. Found 0 Redis repository interfaces.
2023-12-23 14:46:22.151  INFO 8732 --- [main] o.s.cloud.context.scope.GenericScope     : BeanFactory id=3104209b-ced8-3f7c-9d60-f2bb10422e26
2023-12-23 14:46:24.143  INFO 8732 --- [main] o.s.b.w.embedded.tomcat.TomcatWebServer  : Tomcat initialized with port(s): 937 (http)
2023-12-23 14:46:24.183  INFO 8732 --- [main] o.apache.catalina.core.StandardService   : Starting service [Tomcat]
2023-12-23 14:46:24.184  INFO 8732 --- [main] org.apache.catalina.core.StandardEngine  : Starting Servlet engine: [Apache Tomcat/9.0.80]
2023-12-23 14:46:24.834  INFO 8732 --- [main] o.a.c.c.C.[Tomcat].[localhost].[/]       : Initializing Spring embedded WebApplicationContext
2023-12-23 14:46:24.834  INFO 8732 --- [main] w.s.c.ServletWebServerApplicationContext : Root WebApplicationContext: initialization completed in 8446 ms
2023-12-23 14:46:25.184  INFO 8732 --- [main] c.a.d.s.b.a.DruidDataSourceAutoConfigure : Init DruidDataSource
2023-12-23 14:46:27.048  INFO 8732 --- [main] com.alibaba.druid.pool.DruidDataSource   : {dataSource-1} inited
2023-12-23 14:46:30.530  INFO 8732 --- [main] c.a.c.sentinel.SentinelWebMvcConfigurer  : [Sentinel Starter] register SentinelWebInterceptor with urlPatterns: [/**].
2023-12-23 14:46:32.586  WARN 8732 --- [main] iguration$LoadBalancerCaffeineWarnLogger : Spring Cloud LoadBalancer is currently working with the default cache. While this cache implementation is useful for development and tests, it's recommended to use Caffeine cache in production.You can switch to using Caffeine cache, by adding it and org.springframework.cache.caffeine.CaffeineCacheManager to the classpath.
2023-12-23 14:46:32.613  INFO 8732 --- [main] o.s.b.a.e.web.EndpointLinksResolver      : Exposing 1 endpoint(s) beneath base path '/actuator'
2023-12-23 14:46:32.846  INFO 8732 --- [main] o.s.b.w.embedded.tomcat.TomcatWebServer  : Tomcat started on port(s): 937 (http) with context path ''
2023-12-23 14:46:32.867  INFO 8732 --- [main] c.a.n.p.a.s.c.ClientAuthPluginManager    : [ClientAuthPluginManager] Load ClientAuthService com.alibaba.nacos.client.auth.impl.NacosClientAuthServiceImpl success.
2023-12-23 14:46:32.867  INFO 8732 --- [main] c.a.n.p.a.s.c.ClientAuthPluginManager    : [ClientAuthPluginManager] Load ClientAuthService com.alibaba.nacos.client.auth.ram.RamClientAuthServiceImpl success.
2023-12-23 14:46:33.017  INFO 8732 --- [main] c.a.c.n.registry.NacosServiceRegistry    : nacos registry, FE_BLOG fe-category 192.168.43.68:937 register finished
2023-12-23 14:46:33.730  INFO 8732 --- [main] s.a.ScheduledAnnotationBeanPostProcessor : No TaskScheduler/ScheduledExecutorService bean found for scheduled processing
2023-12-23 14:46:33.747  INFO 8732 --- [main] com.bloducspauter.FeBlogCategoryApp      : Started FeBlogCategoryApp in 27.869 seconds (JVM running for 31.11)
2023-12-23 14:46:33.796  INFO 8732 --- [main] c.a.c.n.refresh.NacosContextRefresher    : [Nacos Config] Listening config: dataId=common.yml, group=FE_BLOG
2023-12-23 14:46:33.800  INFO 8732 --- [main] c.a.c.n.refresh.NacosContextRefresher    : [Nacos Config] Listening config: dataId=fe-blog-category, group=FE_BLOG
2023-12-23 14:46:33.807  INFO 8732 --- [main] c.a.c.n.refresh.NacosContextRefresher    : [Nacos Config] Listening config: dataId=fe-blog-category.yml, group=FE_BLOG
2023-12-23 14:46:33.811  INFO 8732 --- [main] c.a.c.n.refresh.NacosContextRefresher    : [Nacos Config] Listening config: dataId=mysql8-local.yml, group=FE_BLOG
2023-12-23 14:46:34.520  INFO 8732 --- [RMI TCP Connection(3)-172.17.208.1] o.a.c.c.C.[Tomcat].[localhost].[/]       : Initializing Spring DispatcherServlet 'dispatcherServlet'
2023-12-23 14:46:34.522  INFO 8732 --- [RMI TCP Connection(3)-172.17.208.1] o.s.web.servlet.DispatcherServlet        : Initializing Servlet 'dispatcherServlet'
2023-12-23 14:46:34.525  INFO 8732 --- [RMI TCP Connection(3)-172.17.208.1] o.s.web.servlet.DispatcherServlet        : Completed initialization in 3 ms
2023-12-23 14:46:37.705  WARN 8732 --- [Thread-1] c.a.n.common.http.HttpClientBeanHolder   : [HttpClientBeanHolder] Start destroying common HttpClient
2023-12-23 14:46:37.706  WARN 8732 --- [Thread-7] c.a.nacos.common.notify.NotifyCenter     : [NotifyCenter] Start destroying Publisher
2023-12-23 14:46:37.708  WARN 8732 --- [Thread-1] c.a.n.common.http.HttpClientBeanHolder   : [HttpClientBeanHolder] Destruction of the end
2023-12-23 14:46:37.708  WARN 8732 --- [Thread-7] c.a.nacos.common.notify.NotifyCenter     : [NotifyCenter] Destruction of the end
2023-12-23 14:46:38.112  INFO 8732 --- [SpringApplicationShutdownHook] c.a.c.n.registry.NacosServiceRegistry    : De-registering from Nacos Server now...
2023-12-23 14:46:38.118  INFO 8732 --- [SpringApplicationShutdownHook] c.a.c.n.registry.NacosServiceRegistry    : De-registration finished.
2023-12-23 14:46:38.602  INFO 8732 --- [SpringApplicationShutdownHook] com.alibaba.druid.pool.DruidDataSource   : {dataSource-1} closing ...
2023-12-23 14:46:38.611  INFO 8732 --- [SpringApplicationShutdownHook] com.alibaba.druid.pool.DruidDataSource   : {dataSource-1} closed
